/home/sam/Code/ERPNext/frappe-bench/env/lib/python3.12/site-packages/rq/utils.py:128: DeprecationWarning: datetime.datetime.utcnow() is deprecated and scheduled for removal in a future version. Use timezone-aware objects to represent datetimes in UTC: datetime.datetime.now(datetime.UTC).
  return datetime.datetime.utcnow()
/home/sam/Code/ERPNext/frappe-bench/env/lib/python3.12/site-packages/rq/utils.py:128: DeprecationWarning: datetime.datetime.utcnow() is deprecated and scheduled for removal in a future version. Use timezone-aware objects to represent datetimes in UTC: datetime.datetime.now(datetime.UTC).
  return datetime.datetime.utcnow()
/home/sam/Code/ERPNext/frappe-bench/env/lib/python3.12/site-packages/rq/utils.py:227: DeprecationWarning: datetime.datetime.utcnow() is deprecated and scheduled for removal in a future version. Use timezone-aware objects to represent datetimes in UTC: datetime.datetime.now(datetime.UTC).
  return calendar.timegm(datetime.datetime.utcnow().utctimetuple())
/home/sam/Code/ERPNext/frappe-bench/env/lib/python3.12/site-packages/rq/utils.py:227: DeprecationWarning: datetime.datetime.utcnow() is deprecated and scheduled for removal in a future version. Use timezone-aware objects to represent datetimes in UTC: datetime.datetime.now(datetime.UTC).
  return calendar.timegm(datetime.datetime.utcnow().utctimetuple())
/home/sam/Code/ERPNext/frappe-bench/env/lib/python3.12/site-packages/rq/utils.py:227: DeprecationWarning: datetime.datetime.utcnow() is deprecated and scheduled for removal in a future version. Use timezone-aware objects to represent datetimes in UTC: datetime.datetime.now(datetime.UTC).
  return calendar.timegm(datetime.datetime.utcnow().utctimetuple())
/home/sam/Code/ERPNext/frappe-bench/env/lib/python3.12/site-packages/rq/utils.py:227: DeprecationWarning: datetime.datetime.utcnow() is deprecated and scheduled for removal in a future version. Use timezone-aware objects to represent datetimes in UTC: datetime.datetime.now(datetime.UTC).
  return calendar.timegm(datetime.datetime.utcnow().utctimetuple())
/home/sam/Code/ERPNext/frappe-bench/env/lib/python3.12/site-packages/rq/utils.py:227: DeprecationWarning: datetime.datetime.utcnow() is deprecated and scheduled for removal in a future version. Use timezone-aware objects to represent datetimes in UTC: datetime.datetime.now(datetime.UTC).
  return calendar.timegm(datetime.datetime.utcnow().utctimetuple())
/home/sam/Code/ERPNext/frappe-bench/env/lib/python3.12/site-packages/rq/utils.py:227: DeprecationWarning: datetime.datetime.utcnow() is deprecated and scheduled for removal in a future version. Use timezone-aware objects to represent datetimes in UTC: datetime.datetime.now(datetime.UTC).
  return calendar.timegm(datetime.datetime.utcnow().utctimetuple())
/home/sam/Code/ERPNext/frappe-bench/env/lib/python3.12/site-packages/rq/utils.py:227: DeprecationWarning: datetime.datetime.utcnow() is deprecated and scheduled for removal in a future version. Use timezone-aware objects to represent datetimes in UTC: datetime.datetime.now(datetime.UTC).
  return calendar.timegm(datetime.datetime.utcnow().utctimetuple())
/home/sam/Code/ERPNext/frappe-bench/env/lib/python3.12/site-packages/rq/utils.py:227: DeprecationWarning: datetime.datetime.utcnow() is deprecated and scheduled for removal in a future version. Use timezone-aware objects to represent datetimes in UTC: datetime.datetime.now(datetime.UTC).
  return calendar.timegm(datetime.datetime.utcnow().utctimetuple())
/home/sam/Code/ERPNext/frappe-bench/env/lib/python3.12/site-packages/rq/utils.py:227: DeprecationWarning: datetime.datetime.utcnow() is deprecated and scheduled for removal in a future version. Use timezone-aware objects to represent datetimes in UTC: datetime.datetime.now(datetime.UTC).
  return calendar.timegm(datetime.datetime.utcnow().utctimetuple())
/home/sam/Code/ERPNext/frappe-bench/env/lib/python3.12/site-packages/rq/utils.py:128: DeprecationWarning: datetime.datetime.utcnow() is deprecated and scheduled for removal in a future version. Use timezone-aware objects to represent datetimes in UTC: datetime.datetime.now(datetime.UTC).
  return datetime.datetime.utcnow()
/home/sam/Code/ERPNext/frappe-bench/env/lib/python3.12/site-packages/rq/utils.py:128: DeprecationWarning: datetime.datetime.utcnow() is deprecated and scheduled for removal in a future version. Use timezone-aware objects to represent datetimes in UTC: datetime.datetime.now(datetime.UTC).
  return datetime.datetime.utcnow()
/home/sam/Code/ERPNext/frappe-bench/env/lib/python3.12/site-packages/rq/utils.py:128: DeprecationWarning: datetime.datetime.utcnow() is deprecated and scheduled for removal in a future version. Use timezone-aware objects to represent datetimes in UTC: datetime.datetime.now(datetime.UTC).
  return datetime.datetime.utcnow()
/home/sam/Code/ERPNext/frappe-bench/env/lib/python3.12/site-packages/rq/utils.py:128: DeprecationWarning: datetime.datetime.utcnow() is deprecated and scheduled for removal in a future version. Use timezone-aware objects to represent datetimes in UTC: datetime.datetime.now(datetime.UTC).
  return datetime.datetime.utcnow()
/home/sam/Code/ERPNext/frappe-bench/env/lib/python3.12/site-packages/rq/utils.py:128: DeprecationWarning: datetime.datetime.utcnow() is deprecated and scheduled for removal in a future version. Use timezone-aware objects to represent datetimes in UTC: datetime.datetime.now(datetime.UTC).
  return datetime.datetime.utcnow()
/home/sam/Code/ERPNext/frappe-bench/env/lib/python3.12/site-packages/rq/utils.py:128: DeprecationWarning: datetime.datetime.utcnow() is deprecated and scheduled for removal in a future version. Use timezone-aware objects to represent datetimes in UTC: datetime.datetime.now(datetime.UTC).
  return datetime.datetime.utcnow()
/home/sam/Code/ERPNext/frappe-bench/env/lib/python3.12/site-packages/rq/utils.py:128: DeprecationWarning: datetime.datetime.utcnow() is deprecated and scheduled for removal in a future version. Use timezone-aware objects to represent datetimes in UTC: datetime.datetime.now(datetime.UTC).
  return datetime.datetime.utcnow()
/home/sam/Code/ERPNext/frappe-bench/env/lib/python3.12/site-packages/rq/utils.py:128: DeprecationWarning: datetime.datetime.utcnow() is deprecated and scheduled for removal in a future version. Use timezone-aware objects to represent datetimes in UTC: datetime.datetime.now(datetime.UTC).
  return datetime.datetime.utcnow()
/home/sam/Code/ERPNext/frappe-bench/env/lib/python3.12/site-packages/rq/utils.py:227: DeprecationWarning: datetime.datetime.utcnow() is deprecated and scheduled for removal in a future version. Use timezone-aware objects to represent datetimes in UTC: datetime.datetime.now(datetime.UTC).
  return calendar.timegm(datetime.datetime.utcnow().utctimetuple())
/home/sam/Code/ERPNext/frappe-bench/env/lib/python3.12/site-packages/rq/utils.py:227: DeprecationWarning: datetime.datetime.utcnow() is deprecated and scheduled for removal in a future version. Use timezone-aware objects to represent datetimes in UTC: datetime.datetime.now(datetime.UTC).
  return calendar.timegm(datetime.datetime.utcnow().utctimetuple())
/home/sam/Code/ERPNext/frappe-bench/env/lib/python3.12/site-packages/rq/utils.py:227: DeprecationWarning: datetime.datetime.utcnow() is deprecated and scheduled for removal in a future version. Use timezone-aware objects to represent datetimes in UTC: datetime.datetime.now(datetime.UTC).
  return calendar.timegm(datetime.datetime.utcnow().utctimetuple())
/home/sam/Code/ERPNext/frappe-bench/env/lib/python3.12/site-packages/rq/utils.py:227: DeprecationWarning: datetime.datetime.utcnow() is deprecated and scheduled for removal in a future version. Use timezone-aware objects to represent datetimes in UTC: datetime.datetime.now(datetime.UTC).
  return calendar.timegm(datetime.datetime.utcnow().utctimetuple())
/home/sam/Code/ERPNext/frappe-bench/env/lib/python3.12/site-packages/rq/utils.py:227: DeprecationWarning: datetime.datetime.utcnow() is deprecated and scheduled for removal in a future version. Use timezone-aware objects to represent datetimes in UTC: datetime.datetime.now(datetime.UTC).
  return calendar.timegm(datetime.datetime.utcnow().utctimetuple())
/home/sam/Code/ERPNext/frappe-bench/env/lib/python3.12/site-packages/rq/utils.py:227: DeprecationWarning: datetime.datetime.utcnow() is deprecated and scheduled for removal in a future version. Use timezone-aware objects to represent datetimes in UTC: datetime.datetime.now(datetime.UTC).
  return calendar.timegm(datetime.datetime.utcnow().utctimetuple())
/home/sam/Code/ERPNext/frappe-bench/env/lib/python3.12/site-packages/rq/utils.py:227: DeprecationWarning: datetime.datetime.utcnow() is deprecated and scheduled for removal in a future version. Use timezone-aware objects to represent datetimes in UTC: datetime.datetime.now(datetime.UTC).
  return calendar.timegm(datetime.datetime.utcnow().utctimetuple())
/home/sam/Code/ERPNext/frappe-bench/env/lib/python3.12/site-packages/rq/utils.py:227: DeprecationWarning: datetime.datetime.utcnow() is deprecated and scheduled for removal in a future version. Use timezone-aware objects to represent datetimes in UTC: datetime.datetime.now(datetime.UTC).
  return calendar.timegm(datetime.datetime.utcnow().utctimetuple())
/home/sam/Code/ERPNext/frappe-bench/env/lib/python3.12/site-packages/rq/utils.py:227: DeprecationWarning: datetime.datetime.utcnow() is deprecated and scheduled for removal in a future version. Use timezone-aware objects to represent datetimes in UTC: datetime.datetime.now(datetime.UTC).
  return calendar.timegm(datetime.datetime.utcnow().utctimetuple())
/home/sam/Code/ERPNext/frappe-bench/env/lib/python3.12/site-packages/rq/utils.py:128: DeprecationWarning: datetime.datetime.utcnow() is deprecated and scheduled for removal in a future version. Use timezone-aware objects to represent datetimes in UTC: datetime.datetime.now(datetime.UTC).
  return datetime.datetime.utcnow()
/home/sam/Code/ERPNext/frappe-bench/env/lib/python3.12/site-packages/rq/utils.py:128: DeprecationWarning: datetime.datetime.utcnow() is deprecated and scheduled for removal in a future version. Use timezone-aware objects to represent datetimes in UTC: datetime.datetime.now(datetime.UTC).
  return datetime.datetime.utcnow()
/home/sam/Code/ERPNext/frappe-bench/env/lib/python3.12/site-packages/rq/utils.py:128: DeprecationWarning: datetime.datetime.utcnow() is deprecated and scheduled for removal in a future version. Use timezone-aware objects to represent datetimes in UTC: datetime.datetime.now(datetime.UTC).
  return datetime.datetime.utcnow()
/home/sam/Code/ERPNext/frappe-bench/env/lib/python3.12/site-packages/rq/utils.py:128: DeprecationWarning: datetime.datetime.utcnow() is deprecated and scheduled for removal in a future version. Use timezone-aware objects to represent datetimes in UTC: datetime.datetime.now(datetime.UTC).
  return datetime.datetime.utcnow()
/home/sam/Code/ERPNext/frappe-bench/env/lib/python3.12/site-packages/rq/utils.py:128: DeprecationWarning: datetime.datetime.utcnow() is deprecated and scheduled for removal in a future version. Use timezone-aware objects to represent datetimes in UTC: datetime.datetime.now(datetime.UTC).
  return datetime.datetime.utcnow()
/home/sam/Code/ERPNext/frappe-bench/env/lib/python3.12/site-packages/rq/utils.py:128: DeprecationWarning: datetime.datetime.utcnow() is deprecated and scheduled for removal in a future version. Use timezone-aware objects to represent datetimes in UTC: datetime.datetime.now(datetime.UTC).
  return datetime.datetime.utcnow()
/home/sam/Code/ERPNext/frappe-bench/env/lib/python3.12/site-packages/rq/utils.py:128: DeprecationWarning: datetime.datetime.utcnow() is deprecated and scheduled for removal in a future version. Use timezone-aware objects to represent datetimes in UTC: datetime.datetime.now(datetime.UTC).
  return datetime.datetime.utcnow()
/home/sam/Code/ERPNext/frappe-bench/env/lib/python3.12/site-packages/rq/utils.py:128: DeprecationWarning: datetime.datetime.utcnow() is deprecated and scheduled for removal in a future version. Use timezone-aware objects to represent datetimes in UTC: datetime.datetime.now(datetime.UTC).
  return datetime.datetime.utcnow()
/home/sam/Code/ERPNext/frappe-bench/env/lib/python3.12/site-packages/rq/utils.py:128: DeprecationWarning: datetime.datetime.utcnow() is deprecated and scheduled for removal in a future version. Use timezone-aware objects to represent datetimes in UTC: datetime.datetime.now(datetime.UTC).
  return datetime.datetime.utcnow()
/home/sam/Code/ERPNext/frappe-bench/env/lib/python3.12/site-packages/rq/utils.py:128: DeprecationWarning: datetime.datetime.utcnow() is deprecated and scheduled for removal in a future version. Use timezone-aware objects to represent datetimes in UTC: datetime.datetime.now(datetime.UTC).
  return datetime.datetime.utcnow()
/home/sam/Code/ERPNext/frappe-bench/env/lib/python3.12/site-packages/rq/utils.py:128: DeprecationWarning: datetime.datetime.utcnow() is deprecated and scheduled for removal in a future version. Use timezone-aware objects to represent datetimes in UTC: datetime.datetime.now(datetime.UTC).
  return datetime.datetime.utcnow()
/home/sam/Code/ERPNext/frappe-bench/env/lib/python3.12/site-packages/rq/utils.py:128: DeprecationWarning: datetime.datetime.utcnow() is deprecated and scheduled for removal in a future version. Use timezone-aware objects to represent datetimes in UTC: datetime.datetime.now(datetime.UTC).
  return datetime.datetime.utcnow()
/home/sam/Code/ERPNext/frappe-bench/env/lib/python3.12/site-packages/rq/utils.py:128: DeprecationWarning: datetime.datetime.utcnow() is deprecated and scheduled for removal in a future version. Use timezone-aware objects to represent datetimes in UTC: datetime.datetime.now(datetime.UTC).
  return datetime.datetime.utcnow()
/home/sam/Code/ERPNext/frappe-bench/env/lib/python3.12/site-packages/rq/utils.py:227: DeprecationWarning: datetime.datetime.utcnow() is deprecated and scheduled for removal in a future version. Use timezone-aware objects to represent datetimes in UTC: datetime.datetime.now(datetime.UTC).
  return calendar.timegm(datetime.datetime.utcnow().utctimetuple())
/home/sam/Code/ERPNext/frappe-bench/env/lib/python3.12/site-packages/rq/utils.py:227: DeprecationWarning: datetime.datetime.utcnow() is deprecated and scheduled for removal in a future version. Use timezone-aware objects to represent datetimes in UTC: datetime.datetime.now(datetime.UTC).
  return calendar.timegm(datetime.datetime.utcnow().utctimetuple())
/home/sam/Code/ERPNext/frappe-bench/env/lib/python3.12/site-packages/rq/utils.py:227: DeprecationWarning: datetime.datetime.utcnow() is deprecated and scheduled for removal in a future version. Use timezone-aware objects to represent datetimes in UTC: datetime.datetime.now(datetime.UTC).
  return calendar.timegm(datetime.datetime.utcnow().utctimetuple())
/home/sam/Code/ERPNext/frappe-bench/env/lib/python3.12/site-packages/rq/utils.py:227: DeprecationWarning: datetime.datetime.utcnow() is deprecated and scheduled for removal in a future version. Use timezone-aware objects to represent datetimes in UTC: datetime.datetime.now(datetime.UTC).
  return calendar.timegm(datetime.datetime.utcnow().utctimetuple())
/home/sam/Code/ERPNext/frappe-bench/env/lib/python3.12/site-packages/rq/utils.py:227: DeprecationWarning: datetime.datetime.utcnow() is deprecated and scheduled for removal in a future version. Use timezone-aware objects to represent datetimes in UTC: datetime.datetime.now(datetime.UTC).
  return calendar.timegm(datetime.datetime.utcnow().utctimetuple())
/home/sam/Code/ERPNext/frappe-bench/env/lib/python3.12/site-packages/rq/utils.py:227: DeprecationWarning: datetime.datetime.utcnow() is deprecated and scheduled for removal in a future version. Use timezone-aware objects to represent datetimes in UTC: datetime.datetime.now(datetime.UTC).
  return calendar.timegm(datetime.datetime.utcnow().utctimetuple())
/home/sam/Code/ERPNext/frappe-bench/env/lib/python3.12/site-packages/rq/utils.py:227: DeprecationWarning: datetime.datetime.utcnow() is deprecated and scheduled for removal in a future version. Use timezone-aware objects to represent datetimes in UTC: datetime.datetime.now(datetime.UTC).
  return calendar.timegm(datetime.datetime.utcnow().utctimetuple())
/home/sam/Code/ERPNext/frappe-bench/env/lib/python3.12/site-packages/rq/utils.py:227: DeprecationWarning: datetime.datetime.utcnow() is deprecated and scheduled for removal in a future version. Use timezone-aware objects to represent datetimes in UTC: datetime.datetime.now(datetime.UTC).
  return calendar.timegm(datetime.datetime.utcnow().utctimetuple())
/home/sam/Code/ERPNext/frappe-bench/env/lib/python3.12/site-packages/rq/utils.py:227: DeprecationWarning: datetime.datetime.utcnow() is deprecated and scheduled for removal in a future version. Use timezone-aware objects to represent datetimes in UTC: datetime.datetime.now(datetime.UTC).
  return calendar.timegm(datetime.datetime.utcnow().utctimetuple())
/home/sam/Code/ERPNext/frappe-bench/env/lib/python3.12/site-packages/rq/utils.py:128: DeprecationWarning: datetime.datetime.utcnow() is deprecated and scheduled for removal in a future version. Use timezone-aware objects to represent datetimes in UTC: datetime.datetime.now(datetime.UTC).
  return datetime.datetime.utcnow()
/home/sam/Code/ERPNext/frappe-bench/env/lib/python3.12/site-packages/rq/utils.py:128: DeprecationWarning: datetime.datetime.utcnow() is deprecated and scheduled for removal in a future version. Use timezone-aware objects to represent datetimes in UTC: datetime.datetime.now(datetime.UTC).
  return datetime.datetime.utcnow()
/home/sam/Code/ERPNext/frappe-bench/env/lib/python3.12/site-packages/rq/utils.py:128: DeprecationWarning: datetime.datetime.utcnow() is deprecated and scheduled for removal in a future version. Use timezone-aware objects to represent datetimes in UTC: datetime.datetime.now(datetime.UTC).
  return datetime.datetime.utcnow()
/home/sam/Code/ERPNext/frappe-bench/env/lib/python3.12/site-packages/rq/utils.py:128: DeprecationWarning: datetime.datetime.utcnow() is deprecated and scheduled for removal in a future version. Use timezone-aware objects to represent datetimes in UTC: datetime.datetime.now(datetime.UTC).
  return datetime.datetime.utcnow()
/home/sam/Code/ERPNext/frappe-bench/env/lib/python3.12/site-packages/rq/utils.py:128: DeprecationWarning: datetime.datetime.utcnow() is deprecated and scheduled for removal in a future version. Use timezone-aware objects to represent datetimes in UTC: datetime.datetime.now(datetime.UTC).
  return datetime.datetime.utcnow()
/home/sam/Code/ERPNext/frappe-bench/env/lib/python3.12/site-packages/rq/utils.py:227: DeprecationWarning: datetime.datetime.utcnow() is deprecated and scheduled for removal in a future version. Use timezone-aware objects to represent datetimes in UTC: datetime.datetime.now(datetime.UTC).
  return calendar.timegm(datetime.datetime.utcnow().utctimetuple())
/home/sam/Code/ERPNext/frappe-bench/env/lib/python3.12/site-packages/rq/utils.py:227: DeprecationWarning: datetime.datetime.utcnow() is deprecated and scheduled for removal in a future version. Use timezone-aware objects to represent datetimes in UTC: datetime.datetime.now(datetime.UTC).
  return calendar.timegm(datetime.datetime.utcnow().utctimetuple())
/home/sam/Code/ERPNext/frappe-bench/env/lib/python3.12/site-packages/rq/utils.py:227: DeprecationWarning: datetime.datetime.utcnow() is deprecated and scheduled for removal in a future version. Use timezone-aware objects to represent datetimes in UTC: datetime.datetime.now(datetime.UTC).
  return calendar.timegm(datetime.datetime.utcnow().utctimetuple())
/home/sam/Code/ERPNext/frappe-bench/env/lib/python3.12/site-packages/rq/utils.py:227: DeprecationWarning: datetime.datetime.utcnow() is deprecated and scheduled for removal in a future version. Use timezone-aware objects to represent datetimes in UTC: datetime.datetime.now(datetime.UTC).
  return calendar.timegm(datetime.datetime.utcnow().utctimetuple())
/home/sam/Code/ERPNext/frappe-bench/env/lib/python3.12/site-packages/rq/utils.py:227: DeprecationWarning: datetime.datetime.utcnow() is deprecated and scheduled for removal in a future version. Use timezone-aware objects to represent datetimes in UTC: datetime.datetime.now(datetime.UTC).
  return calendar.timegm(datetime.datetime.utcnow().utctimetuple())
/home/sam/Code/ERPNext/frappe-bench/env/lib/python3.12/site-packages/rq/utils.py:227: DeprecationWarning: datetime.datetime.utcnow() is deprecated and scheduled for removal in a future version. Use timezone-aware objects to represent datetimes in UTC: datetime.datetime.now(datetime.UTC).
  return calendar.timegm(datetime.datetime.utcnow().utctimetuple())
/home/sam/Code/ERPNext/frappe-bench/env/lib/python3.12/site-packages/rq/utils.py:227: DeprecationWarning: datetime.datetime.utcnow() is deprecated and scheduled for removal in a future version. Use timezone-aware objects to represent datetimes in UTC: datetime.datetime.now(datetime.UTC).
  return calendar.timegm(datetime.datetime.utcnow().utctimetuple())
/home/sam/Code/ERPNext/frappe-bench/env/lib/python3.12/site-packages/rq/utils.py:227: DeprecationWarning: datetime.datetime.utcnow() is deprecated and scheduled for removal in a future version. Use timezone-aware objects to represent datetimes in UTC: datetime.datetime.now(datetime.UTC).
  return calendar.timegm(datetime.datetime.utcnow().utctimetuple())
/home/sam/Code/ERPNext/frappe-bench/env/lib/python3.12/site-packages/rq/utils.py:227: DeprecationWarning: datetime.datetime.utcnow() is deprecated and scheduled for removal in a future version. Use timezone-aware objects to represent datetimes in UTC: datetime.datetime.now(datetime.UTC).
  return calendar.timegm(datetime.datetime.utcnow().utctimetuple())
/home/sam/Code/ERPNext/frappe-bench/env/lib/python3.12/site-packages/rq/utils.py:128: DeprecationWarning: datetime.datetime.utcnow() is deprecated and scheduled for removal in a future version. Use timezone-aware objects to represent datetimes in UTC: datetime.datetime.now(datetime.UTC).
  return datetime.datetime.utcnow()
/home/sam/Code/ERPNext/frappe-bench/env/lib/python3.12/site-packages/rq/utils.py:128: DeprecationWarning: datetime.datetime.utcnow() is deprecated and scheduled for removal in a future version. Use timezone-aware objects to represent datetimes in UTC: datetime.datetime.now(datetime.UTC).
  return datetime.datetime.utcnow()
/home/sam/Code/ERPNext/frappe-bench/env/lib/python3.12/site-packages/rq/utils.py:128: DeprecationWarning: datetime.datetime.utcnow() is deprecated and scheduled for removal in a future version. Use timezone-aware objects to represent datetimes in UTC: datetime.datetime.now(datetime.UTC).
  return datetime.datetime.utcnow()
/home/sam/Code/ERPNext/frappe-bench/env/lib/python3.12/site-packages/rq/worker.py:1170: DeprecationWarning: This process (pid=13413) is multi-threaded, use of fork() may lead to deadlocks in the child.
  child_pid = os.fork()
/home/sam/Code/ERPNext/frappe-bench/env/lib/python3.12/site-packages/rq/utils.py:128: DeprecationWarning: datetime.datetime.utcnow() is deprecated and scheduled for removal in a future version. Use timezone-aware objects to represent datetimes in UTC: datetime.datetime.now(datetime.UTC).
  return datetime.datetime.utcnow()
/home/sam/Code/ERPNext/frappe-bench/env/lib/python3.12/site-packages/rq/connections.py:58: DeprecationWarning: The `push_connection` function is deprecated. Pass the `connection` explicitly instead.
  warnings.warn(
/home/sam/Code/ERPNext/frappe-bench/env/lib/python3.12/site-packages/rq/utils.py:128: DeprecationWarning: datetime.datetime.utcnow() is deprecated and scheduled for removal in a future version. Use timezone-aware objects to represent datetimes in UTC: datetime.datetime.now(datetime.UTC).
  return datetime.datetime.utcnow()
/home/sam/Code/ERPNext/frappe-bench/env/lib/python3.12/site-packages/rq/utils.py:128: DeprecationWarning: datetime.datetime.utcnow() is deprecated and scheduled for removal in a future version. Use timezone-aware objects to represent datetimes in UTC: datetime.datetime.now(datetime.UTC).
  return datetime.datetime.utcnow()
/home/sam/Code/ERPNext/frappe-bench/env/lib/python3.12/site-packages/rq/utils.py:227: DeprecationWarning: datetime.datetime.utcnow() is deprecated and scheduled for removal in a future version. Use timezone-aware objects to represent datetimes in UTC: datetime.datetime.now(datetime.UTC).
  return calendar.timegm(datetime.datetime.utcnow().utctimetuple())
/home/sam/Code/ERPNext/frappe-bench/env/lib/python3.12/site-packages/rq/utils.py:128: DeprecationWarning: datetime.datetime.utcnow() is deprecated and scheduled for removal in a future version. Use timezone-aware objects to represent datetimes in UTC: datetime.datetime.now(datetime.UTC).
  return datetime.datetime.utcnow()
/home/sam/Code/ERPNext/frappe-bench/env/lib/python3.12/site-packages/passlib/utils/__init__.py:854: DeprecationWarning: 'crypt' is deprecated and slated for removal in Python 3.13
  from crypt import crypt as _crypt
/home/sam/Code/ERPNext/frappe-bench/env/lib/python3.12/site-packages/rq/utils.py:128: DeprecationWarning: datetime.datetime.utcnow() is deprecated and scheduled for removal in a future version. Use timezone-aware objects to represent datetimes in UTC: datetime.datetime.now(datetime.UTC).
  return datetime.datetime.utcnow()
/home/sam/Code/ERPNext/frappe-bench/env/lib/python3.12/site-packages/googleapiclient/model.py:30: DeprecationWarning: pkg_resources is deprecated as an API. See https://setuptools.pypa.io/en/latest/pkg_resources.html
  import pkg_resources
/home/sam/Code/ERPNext/frappe-bench/env/lib/python3.12/site-packages/pkg_resources/__init__.py:3154: DeprecationWarning: Deprecated call to `pkg_resources.declare_namespace('google')`.
Implementing implicit namespace packages (as specified in PEP 420) is preferred to `pkg_resources.declare_namespace`. See https://setuptools.pypa.io/en/latest/references/keywords.html#keyword-namespace-packages
  declare_namespace(pkg)
/home/sam/Code/ERPNext/frappe-bench/env/lib/python3.12/site-packages/pkg_resources/__init__.py:3154: DeprecationWarning: Deprecated call to `pkg_resources.declare_namespace('google')`.
Implementing implicit namespace packages (as specified in PEP 420) is preferred to `pkg_resources.declare_namespace`. See https://setuptools.pypa.io/en/latest/references/keywords.html#keyword-namespace-packages
  declare_namespace(pkg)
/home/sam/Code/ERPNext/frappe-bench/env/lib/python3.12/site-packages/pkg_resources/__init__.py:3154: DeprecationWarning: Deprecated call to `pkg_resources.declare_namespace('google')`.
Implementing implicit namespace packages (as specified in PEP 420) is preferred to `pkg_resources.declare_namespace`. See https://setuptools.pypa.io/en/latest/references/keywords.html#keyword-namespace-packages
  declare_namespace(pkg)
/home/sam/Code/ERPNext/frappe-bench/env/lib/python3.12/site-packages/rq/utils.py:128: DeprecationWarning: datetime.datetime.utcnow() is deprecated and scheduled for removal in a future version. Use timezone-aware objects to represent datetimes in UTC: datetime.datetime.now(datetime.UTC).
  return datetime.datetime.utcnow()
/home/sam/Code/ERPNext/frappe-bench/env/lib/python3.12/site-packages/rq/utils.py:128: DeprecationWarning: datetime.datetime.utcnow() is deprecated and scheduled for removal in a future version. Use timezone-aware objects to represent datetimes in UTC: datetime.datetime.now(datetime.UTC).
  return datetime.datetime.utcnow()
/home/sam/Code/ERPNext/frappe-bench/env/lib/python3.12/site-packages/rq/utils.py:227: DeprecationWarning: datetime.datetime.utcnow() is deprecated and scheduled for removal in a future version. Use timezone-aware objects to represent datetimes in UTC: datetime.datetime.now(datetime.UTC).
  return calendar.timegm(datetime.datetime.utcnow().utctimetuple())
/home/sam/Code/ERPNext/frappe-bench/env/lib/python3.12/site-packages/rq/utils.py:227: DeprecationWarning: datetime.datetime.utcnow() is deprecated and scheduled for removal in a future version. Use timezone-aware objects to represent datetimes in UTC: datetime.datetime.now(datetime.UTC).
  return calendar.timegm(datetime.datetime.utcnow().utctimetuple())
/home/sam/Code/ERPNext/frappe-bench/env/lib/python3.12/site-packages/rq/connections.py:72: DeprecationWarning: The `pop_connection` function is deprecated. Pass the `connection` explicitly instead.
  warnings.warn(
/home/sam/Code/ERPNext/frappe-bench/env/lib/python3.12/site-packages/rq/utils.py:128: DeprecationWarning: datetime.datetime.utcnow() is deprecated and scheduled for removal in a future version. Use timezone-aware objects to represent datetimes in UTC: datetime.datetime.now(datetime.UTC).
  return datetime.datetime.utcnow()
/home/sam/Code/ERPNext/frappe-bench/env/lib/python3.12/site-packages/rq/utils.py:128: DeprecationWarning: datetime.datetime.utcnow() is deprecated and scheduled for removal in a future version. Use timezone-aware objects to represent datetimes in UTC: datetime.datetime.now(datetime.UTC).
  return datetime.datetime.utcnow()
/home/sam/Code/ERPNext/frappe-bench/env/lib/python3.12/site-packages/rq/utils.py:128: DeprecationWarning: datetime.datetime.utcnow() is deprecated and scheduled for removal in a future version. Use timezone-aware objects to represent datetimes in UTC: datetime.datetime.now(datetime.UTC).
  return datetime.datetime.utcnow()
/home/sam/Code/ERPNext/frappe-bench/env/lib/python3.12/site-packages/rq/utils.py:128: DeprecationWarning: datetime.datetime.utcnow() is deprecated and scheduled for removal in a future version. Use timezone-aware objects to represent datetimes in UTC: datetime.datetime.now(datetime.UTC).
  return datetime.datetime.utcnow()
/home/sam/Code/ERPNext/frappe-bench/env/lib/python3.12/site-packages/rq/utils.py:128: DeprecationWarning: datetime.datetime.utcnow() is deprecated and scheduled for removal in a future version. Use timezone-aware objects to represent datetimes in UTC: datetime.datetime.now(datetime.UTC).
  return datetime.datetime.utcnow()
/home/sam/Code/ERPNext/frappe-bench/env/lib/python3.12/site-packages/rq/utils.py:128: DeprecationWarning: datetime.datetime.utcnow() is deprecated and scheduled for removal in a future version. Use timezone-aware objects to represent datetimes in UTC: datetime.datetime.now(datetime.UTC).
  return datetime.datetime.utcnow()
/home/sam/Code/ERPNext/frappe-bench/env/lib/python3.12/site-packages/rq/utils.py:128: DeprecationWarning: datetime.datetime.utcnow() is deprecated and scheduled for removal in a future version. Use timezone-aware objects to represent datetimes in UTC: datetime.datetime.now(datetime.UTC).
  return datetime.datetime.utcnow()
/home/sam/Code/ERPNext/frappe-bench/env/lib/python3.12/site-packages/rq/utils.py:128: DeprecationWarning: datetime.datetime.utcnow() is deprecated and scheduled for removal in a future version. Use timezone-aware objects to represent datetimes in UTC: datetime.datetime.now(datetime.UTC).
  return datetime.datetime.utcnow()
/home/sam/Code/ERPNext/frappe-bench/env/lib/python3.12/site-packages/rq/worker.py:1170: DeprecationWarning: This process (pid=13413) is multi-threaded, use of fork() may lead to deadlocks in the child.
  child_pid = os.fork()
/home/sam/Code/ERPNext/frappe-bench/env/lib/python3.12/site-packages/rq/utils.py:128: DeprecationWarning: datetime.datetime.utcnow() is deprecated and scheduled for removal in a future version. Use timezone-aware objects to represent datetimes in UTC: datetime.datetime.now(datetime.UTC).
  return datetime.datetime.utcnow()
/home/sam/Code/ERPNext/frappe-bench/env/lib/python3.12/site-packages/rq/connections.py:58: DeprecationWarning: The `push_connection` function is deprecated. Pass the `connection` explicitly instead.
  warnings.warn(
/home/sam/Code/ERPNext/frappe-bench/env/lib/python3.12/site-packages/rq/utils.py:128: DeprecationWarning: datetime.datetime.utcnow() is deprecated and scheduled for removal in a future version. Use timezone-aware objects to represent datetimes in UTC: datetime.datetime.now(datetime.UTC).
  return datetime.datetime.utcnow()
/home/sam/Code/ERPNext/frappe-bench/env/lib/python3.12/site-packages/rq/utils.py:128: DeprecationWarning: datetime.datetime.utcnow() is deprecated and scheduled for removal in a future version. Use timezone-aware objects to represent datetimes in UTC: datetime.datetime.now(datetime.UTC).
  return datetime.datetime.utcnow()
/home/sam/Code/ERPNext/frappe-bench/env/lib/python3.12/site-packages/rq/utils.py:227: DeprecationWarning: datetime.datetime.utcnow() is deprecated and scheduled for removal in a future version. Use timezone-aware objects to represent datetimes in UTC: datetime.datetime.now(datetime.UTC).
  return calendar.timegm(datetime.datetime.utcnow().utctimetuple())
/home/sam/Code/ERPNext/frappe-bench/env/lib/python3.12/site-packages/rq/utils.py:128: DeprecationWarning: datetime.datetime.utcnow() is deprecated and scheduled for removal in a future version. Use timezone-aware objects to represent datetimes in UTC: datetime.datetime.now(datetime.UTC).
  return datetime.datetime.utcnow()
/home/sam/Code/ERPNext/frappe-bench/env/lib/python3.12/site-packages/passlib/utils/__init__.py:854: DeprecationWarning: 'crypt' is deprecated and slated for removal in Python 3.13
  from crypt import crypt as _crypt
/home/sam/Code/ERPNext/frappe-bench/env/lib/python3.12/site-packages/rq/utils.py:128: DeprecationWarning: datetime.datetime.utcnow() is deprecated and scheduled for removal in a future version. Use timezone-aware objects to represent datetimes in UTC: datetime.datetime.now(datetime.UTC).
  return datetime.datetime.utcnow()
/home/sam/Code/ERPNext/frappe-bench/env/lib/python3.12/site-packages/rq/utils.py:128: DeprecationWarning: datetime.datetime.utcnow() is deprecated and scheduled for removal in a future version. Use timezone-aware objects to represent datetimes in UTC: datetime.datetime.now(datetime.UTC).
  return datetime.datetime.utcnow()
/home/sam/Code/ERPNext/frappe-bench/env/lib/python3.12/site-packages/rq/utils.py:128: DeprecationWarning: datetime.datetime.utcnow() is deprecated and scheduled for removal in a future version. Use timezone-aware objects to represent datetimes in UTC: datetime.datetime.now(datetime.UTC).
  return datetime.datetime.utcnow()
/home/sam/Code/ERPNext/frappe-bench/env/lib/python3.12/site-packages/rq/utils.py:227: DeprecationWarning: datetime.datetime.utcnow() is deprecated and scheduled for removal in a future version. Use timezone-aware objects to represent datetimes in UTC: datetime.datetime.now(datetime.UTC).
  return calendar.timegm(datetime.datetime.utcnow().utctimetuple())
/home/sam/Code/ERPNext/frappe-bench/env/lib/python3.12/site-packages/rq/utils.py:227: DeprecationWarning: datetime.datetime.utcnow() is deprecated and scheduled for removal in a future version. Use timezone-aware objects to represent datetimes in UTC: datetime.datetime.now(datetime.UTC).
  return calendar.timegm(datetime.datetime.utcnow().utctimetuple())
/home/sam/Code/ERPNext/frappe-bench/env/lib/python3.12/site-packages/rq/connections.py:72: DeprecationWarning: The `pop_connection` function is deprecated. Pass the `connection` explicitly instead.
  warnings.warn(
/home/sam/Code/ERPNext/frappe-bench/env/lib/python3.12/site-packages/rq/utils.py:128: DeprecationWarning: datetime.datetime.utcnow() is deprecated and scheduled for removal in a future version. Use timezone-aware objects to represent datetimes in UTC: datetime.datetime.now(datetime.UTC).
  return datetime.datetime.utcnow()
/home/sam/Code/ERPNext/frappe-bench/env/lib/python3.12/site-packages/rq/utils.py:128: DeprecationWarning: datetime.datetime.utcnow() is deprecated and scheduled for removal in a future version. Use timezone-aware objects to represent datetimes in UTC: datetime.datetime.now(datetime.UTC).
  return datetime.datetime.utcnow()
/home/sam/Code/ERPNext/frappe-bench/env/lib/python3.12/site-packages/rq/utils.py:128: DeprecationWarning: datetime.datetime.utcnow() is deprecated and scheduled for removal in a future version. Use timezone-aware objects to represent datetimes in UTC: datetime.datetime.now(datetime.UTC).
  return datetime.datetime.utcnow()
/home/sam/Code/ERPNext/frappe-bench/env/lib/python3.12/site-packages/rq/utils.py:128: DeprecationWarning: datetime.datetime.utcnow() is deprecated and scheduled for removal in a future version. Use timezone-aware objects to represent datetimes in UTC: datetime.datetime.now(datetime.UTC).
  return datetime.datetime.utcnow()
/home/sam/Code/ERPNext/frappe-bench/env/lib/python3.12/site-packages/rq/utils.py:128: DeprecationWarning: datetime.datetime.utcnow() is deprecated and scheduled for removal in a future version. Use timezone-aware objects to represent datetimes in UTC: datetime.datetime.now(datetime.UTC).
  return datetime.datetime.utcnow()
/home/sam/Code/ERPNext/frappe-bench/env/lib/python3.12/site-packages/rq/utils.py:128: DeprecationWarning: datetime.datetime.utcnow() is deprecated and scheduled for removal in a future version. Use timezone-aware objects to represent datetimes in UTC: datetime.datetime.now(datetime.UTC).
  return datetime.datetime.utcnow()
/home/sam/Code/ERPNext/frappe-bench/env/lib/python3.12/site-packages/rq/utils.py:128: DeprecationWarning: datetime.datetime.utcnow() is deprecated and scheduled for removal in a future version. Use timezone-aware objects to represent datetimes in UTC: datetime.datetime.now(datetime.UTC).
  return datetime.datetime.utcnow()
/home/sam/Code/ERPNext/frappe-bench/env/lib/python3.12/site-packages/rq/utils.py:128: DeprecationWarning: datetime.datetime.utcnow() is deprecated and scheduled for removal in a future version. Use timezone-aware objects to represent datetimes in UTC: datetime.datetime.now(datetime.UTC).
  return datetime.datetime.utcnow()
/home/sam/Code/ERPNext/frappe-bench/env/lib/python3.12/site-packages/rq/worker.py:1170: DeprecationWarning: This process (pid=13413) is multi-threaded, use of fork() may lead to deadlocks in the child.
  child_pid = os.fork()
/home/sam/Code/ERPNext/frappe-bench/env/lib/python3.12/site-packages/rq/utils.py:128: DeprecationWarning: datetime.datetime.utcnow() is deprecated and scheduled for removal in a future version. Use timezone-aware objects to represent datetimes in UTC: datetime.datetime.now(datetime.UTC).
  return datetime.datetime.utcnow()
/home/sam/Code/ERPNext/frappe-bench/env/lib/python3.12/site-packages/rq/connections.py:58: DeprecationWarning: The `push_connection` function is deprecated. Pass the `connection` explicitly instead.
  warnings.warn(
/home/sam/Code/ERPNext/frappe-bench/env/lib/python3.12/site-packages/rq/utils.py:128: DeprecationWarning: datetime.datetime.utcnow() is deprecated and scheduled for removal in a future version. Use timezone-aware objects to represent datetimes in UTC: datetime.datetime.now(datetime.UTC).
  return datetime.datetime.utcnow()
/home/sam/Code/ERPNext/frappe-bench/env/lib/python3.12/site-packages/rq/utils.py:128: DeprecationWarning: datetime.datetime.utcnow() is deprecated and scheduled for removal in a future version. Use timezone-aware objects to represent datetimes in UTC: datetime.datetime.now(datetime.UTC).
  return datetime.datetime.utcnow()
/home/sam/Code/ERPNext/frappe-bench/env/lib/python3.12/site-packages/rq/utils.py:227: DeprecationWarning: datetime.datetime.utcnow() is deprecated and scheduled for removal in a future version. Use timezone-aware objects to represent datetimes in UTC: datetime.datetime.now(datetime.UTC).
  return calendar.timegm(datetime.datetime.utcnow().utctimetuple())
/home/sam/Code/ERPNext/frappe-bench/env/lib/python3.12/site-packages/rq/utils.py:128: DeprecationWarning: datetime.datetime.utcnow() is deprecated and scheduled for removal in a future version. Use timezone-aware objects to represent datetimes in UTC: datetime.datetime.now(datetime.UTC).
  return datetime.datetime.utcnow()
/home/sam/Code/ERPNext/frappe-bench/env/lib/python3.12/site-packages/rq/utils.py:128: DeprecationWarning: datetime.datetime.utcnow() is deprecated and scheduled for removal in a future version. Use timezone-aware objects to represent datetimes in UTC: datetime.datetime.now(datetime.UTC).
  return datetime.datetime.utcnow()
/home/sam/Code/ERPNext/frappe-bench/env/lib/python3.12/site-packages/passlib/utils/__init__.py:854: DeprecationWarning: 'crypt' is deprecated and slated for removal in Python 3.13
  from crypt import crypt as _crypt
/home/sam/Code/ERPNext/frappe-bench/env/lib/python3.12/site-packages/rq/utils.py:128: DeprecationWarning: datetime.datetime.utcnow() is deprecated and scheduled for removal in a future version. Use timezone-aware objects to represent datetimes in UTC: datetime.datetime.now(datetime.UTC).
  return datetime.datetime.utcnow()
/home/sam/Code/ERPNext/frappe-bench/env/lib/python3.12/site-packages/rq/utils.py:128: DeprecationWarning: datetime.datetime.utcnow() is deprecated and scheduled for removal in a future version. Use timezone-aware objects to represent datetimes in UTC: datetime.datetime.now(datetime.UTC).
  return datetime.datetime.utcnow()
/home/sam/Code/ERPNext/frappe-bench/env/lib/python3.12/site-packages/rq/utils.py:227: DeprecationWarning: datetime.datetime.utcnow() is deprecated and scheduled for removal in a future version. Use timezone-aware objects to represent datetimes in UTC: datetime.datetime.now(datetime.UTC).
  return calendar.timegm(datetime.datetime.utcnow().utctimetuple())
/home/sam/Code/ERPNext/frappe-bench/env/lib/python3.12/site-packages/rq/utils.py:227: DeprecationWarning: datetime.datetime.utcnow() is deprecated and scheduled for removal in a future version. Use timezone-aware objects to represent datetimes in UTC: datetime.datetime.now(datetime.UTC).
  return calendar.timegm(datetime.datetime.utcnow().utctimetuple())
/home/sam/Code/ERPNext/frappe-bench/env/lib/python3.12/site-packages/rq/connections.py:72: DeprecationWarning: The `pop_connection` function is deprecated. Pass the `connection` explicitly instead.
  warnings.warn(
/home/sam/Code/ERPNext/frappe-bench/env/lib/python3.12/site-packages/rq/utils.py:128: DeprecationWarning: datetime.datetime.utcnow() is deprecated and scheduled for removal in a future version. Use timezone-aware objects to represent datetimes in UTC: datetime.datetime.now(datetime.UTC).
  return datetime.datetime.utcnow()
/home/sam/Code/ERPNext/frappe-bench/env/lib/python3.12/site-packages/rq/utils.py:128: DeprecationWarning: datetime.datetime.utcnow() is deprecated and scheduled for removal in a future version. Use timezone-aware objects to represent datetimes in UTC: datetime.datetime.now(datetime.UTC).
  return datetime.datetime.utcnow()
/home/sam/Code/ERPNext/frappe-bench/env/lib/python3.12/site-packages/rq/utils.py:128: DeprecationWarning: datetime.datetime.utcnow() is deprecated and scheduled for removal in a future version. Use timezone-aware objects to represent datetimes in UTC: datetime.datetime.now(datetime.UTC).
  return datetime.datetime.utcnow()
/home/sam/Code/ERPNext/frappe-bench/env/lib/python3.12/site-packages/rq/utils.py:128: DeprecationWarning: datetime.datetime.utcnow() is deprecated and scheduled for removal in a future version. Use timezone-aware objects to represent datetimes in UTC: datetime.datetime.now(datetime.UTC).
  return datetime.datetime.utcnow()
/home/sam/Code/ERPNext/frappe-bench/env/lib/python3.12/site-packages/rq/utils.py:128: DeprecationWarning: datetime.datetime.utcnow() is deprecated and scheduled for removal in a future version. Use timezone-aware objects to represent datetimes in UTC: datetime.datetime.now(datetime.UTC).
  return datetime.datetime.utcnow()
/home/sam/Code/ERPNext/frappe-bench/env/lib/python3.12/site-packages/rq/utils.py:128: DeprecationWarning: datetime.datetime.utcnow() is deprecated and scheduled for removal in a future version. Use timezone-aware objects to represent datetimes in UTC: datetime.datetime.now(datetime.UTC).
  return datetime.datetime.utcnow()
